# JRE version: Java(TM) SE Runtime Environment (8.0_162-b12) (build 1.8.0_162-b12)
# Java VM: Java HotSpot(TM) 64-Bit Server VM (25.162-b12 mixed mode windows-amd64 compressed oops)
Heap:
 PSYoungGen      total 404992K, used 40585K [0x00000000d5f00000, 0x00000000f1f00000, 0x0000000100000000)
  eden space 373760K, 7% used [0x00000000d5f00000,0x00000000d7a6c5a8,0x00000000ecc00000)
  from space 31232K, 40% used [0x00000000f0080000,0x00000000f0cb61e0,0x00000000f1f00000)
  to   space 42496K, 0% used [0x00000000ecc00000,0x00000000ecc00000,0x00000000ef580000)
 ParOldGen       total 132608K, used 50535K [0x0000000081c00000, 0x0000000089d80000, 0x00000000d5f00000)
  object space 132608K, 38% used [0x0000000081c00000,0x0000000084d59f80,0x0000000089d80000)
 Metaspace       used 41455K, capacity 42618K, committed 42880K, reserved 1087488K
  class space    used 4917K, capacity 5175K, committed 5248K, reserved 1048576K
GC Heap History (10 events):
Event: 7.094 GC heap before
{Heap before GC invocations=10 (full 1):
 PSYoungGen      total 216064K, used 216033K [0x00000000d5f00000, 0x00000000e5e80000, 0x0000000100000000)
  eden space 198656K, 100% used [0x00000000d5f00000,0x00000000e2100000,0x00000000e2100000)
  from space 17408K, 99% used [0x00000000e3800000,0x00000000e48f8598,0x00000000e4900000)
  to   space 23552K, 0% used [0x00000000e2100000,0x00000000e2100000,0x00000000e3800000)
 ParOldGen       total 70144K, used 32447K [0x0000000081c00000, 0x0000000086080000, 0x00000000d5f00000)
  object space 70144K, 46% used [0x0000000081c00000,0x0000000083bafdf8,0x0000000086080000)
 Metaspace       used 24073K, capacity 24638K, committed 24832K, reserved 1071104K
  class space    used 2806K, capacity 2969K, committed 3072K, reserved 1048576K
Event: 7.141 GC heap after
Heap after GC invocations=10 (full 1):
 PSYoungGen      total 222208K, used 23548K [0x00000000d5f00000, 0x00000000eb080000, 0x0000000100000000)
  eden space 198656K, 0% used [0x00000000d5f00000,0x00000000d5f00000,0x00000000e2100000)
  from space 23552K, 99% used [0x00000000e2100000,0x00000000e37ff2f8,0x00000000e3800000)
  to   space 32256K, 0% used [0x00000000e9100000,0x00000000e9100000,0x00000000eb080000)
 ParOldGen       total 70144K, used 45464K [0x0000000081c00000, 0x0000000086080000, 0x00000000d5f00000)
  object space 70144K, 64% used [0x0000000081c00000,0x0000000084866128,0x0000000086080000)
 Metaspace       used 24073K, capacity 24638K, committed 24832K, reserved 1071104K
  class space    used 2806K, capacity 2969K, committed 3072K, reserved 1048576K
}
Event: 8.157 GC heap before
{Heap before GC invocations=11 (full 1):
 PSYoungGen      total 222208K, used 222204K [0x00000000d5f00000, 0x00000000eb080000, 0x0000000100000000)
  eden space 198656K, 100% used [0x00000000d5f00000,0x00000000e2100000,0x00000000e2100000)
  from space 23552K, 99% used [0x00000000e2100000,0x00000000e37ff2f8,0x00000000e3800000)
  to   space 32256K, 0% used [0x00000000e9100000,0x00000000e9100000,0x00000000eb080000)
 ParOldGen       total 70144K, used 45464K [0x0000000081c00000, 0x0000000086080000, 0x00000000d5f00000)
  object space 70144K, 64% used [0x0000000081c00000,0x0000000084866128,0x0000000086080000)
 Metaspace       used 24076K, capacity 24638K, committed 24832K, reserved 1071104K
  class space    used 2806K, capacity 2969K, committed 3072K, reserved 1048576K
Event: 8.204 GC heap after
Heap after GC invocations=11 (full 1):
 PSYoungGen      total 305152K, used 32241K [0x00000000d5f00000, 0x00000000ec300000, 0x0000000100000000)
  eden space 272896K, 0% used [0x00000000d5f00000,0x00000000d5f00000,0x00000000e6980000)
  from space 32256K, 99% used [0x00000000e9100000,0x00000000eb07c530,0x00000000eb080000)
  to   space 40448K, 0% used [0x00000000e6980000,0x00000000e6980000,0x00000000e9100000)
 ParOldGen       total 70144K, used 54997K [0x0000000081c00000, 0x0000000086080000, 0x00000000d5f00000)
  object space 70144K, 78% used [0x0000000081c00000,0x00000000851b5688,0x0000000086080000)
 Metaspace       used 24076K, capacity 24638K, committed 24832K, reserved 1071104K
  class space    used 2806K, capacity 2969K, committed 3072K, reserved 1048576K
}
Event: 11.331 GC heap before
{Heap before GC invocations=12 (full 1):
 PSYoungGen      total 305152K, used 305137K [0x00000000d5f00000, 0x00000000ec300000, 0x0000000100000000)
  eden space 272896K, 100% used [0x00000000d5f00000,0x00000000e6980000,0x00000000e6980000)
  from space 32256K, 99% used [0x00000000e9100000,0x00000000eb07c530,0x00000000eb080000)
  to   space 40448K, 0% used [0x00000000e6980000,0x00000000e6980000,0x00000000e9100000)
 ParOldGen       total 70144K, used 54997K [0x0000000081c00000, 0x0000000086080000, 0x00000000d5f00000)
  object space 70144K, 78% used [0x0000000081c00000,0x00000000851b5688,0x0000000086080000)
 Metaspace       used 34336K, capacity 35002K, committed 35328K, reserved 1081344K
  class space    used 4077K, capacity 4267K, committed 4352K, reserved 1048576K
Event: 11.373 GC heap after
Heap after GC invocations=12 (full 1):
 PSYoungGen      total 313344K, used 31979K [0x00000000d5f00000, 0x00000000f2b80000, 0x0000000100000000)
  eden space 272896K, 0% used [0x00000000d5f00000,0x00000000d5f00000,0x00000000e6980000)
  from space 40448K, 79% used [0x00000000e6980000,0x00000000e88baf80,0x00000000e9100000)
  to   space 44032K, 0% used [0x00000000f0080000,0x00000000f0080000,0x00000000f2b80000)
 ParOldGen       total 70144K, used 59870K [0x0000000081c00000, 0x0000000086080000, 0x00000000d5f00000)
  object space 70144K, 85% used [0x0000000081c00000,0x0000000085677ad0,0x0000000086080000)
 Metaspace       used 34336K, capacity 35002K, committed 35328K, reserved 1081344K
  class space    used 4077K, capacity 4267K, committed 4352K, reserved 1048576K
}
Event: 11.373 GC heap before
{Heap before GC invocations=13 (full 2):
 PSYoungGen      total 313344K, used 31979K [0x00000000d5f00000, 0x00000000f2b80000, 0x0000000100000000)
  eden space 272896K, 0% used [0x00000000d5f00000,0x00000000d5f00000,0x00000000e6980000)
  from space 40448K, 79% used [0x00000000e6980000,0x00000000e88baf80,0x00000000e9100000)
  to   space 44032K, 0% used [0x00000000f0080000,0x00000000f0080000,0x00000000f2b80000)
 ParOldGen       total 70144K, used 59870K [0x0000000081c00000, 0x0000000086080000, 0x00000000d5f00000)
  object space 70144K, 85% used [0x0000000081c00000,0x0000000085677ad0,0x0000000086080000)
 Metaspace       used 34336K, capacity 35002K, committed 35328K, reserved 1081344K
  class space    used 4077K, capacity 4267K, committed 4352K, reserved 1048576K
Event: 11.523 GC heap after
Heap after GC invocations=13 (full 2):
 PSYoungGen      total 313344K, used 0K [0x00000000d5f00000, 0x00000000f2b80000, 0x0000000100000000)
  eden space 272896K, 0% used [0x00000000d5f00000,0x00000000d5f00000,0x00000000e6980000)
  from space 40448K, 0% used [0x00000000e6980000,0x00000000e6980000,0x00000000e9100000)
  to   space 44032K, 0% used [0x00000000f0080000,0x00000000f0080000,0x00000000f2b80000)
 ParOldGen       total 132608K, used 50535K [0x0000000081c00000, 0x0000000089d80000, 0x00000000d5f00000)
  object space 132608K, 38% used [0x0000000081c00000,0x0000000084d59f80,0x0000000089d80000)
 Metaspace       used 34336K, capacity 35002K, committed 35328K, reserved 1081344K
  class space    used 4077K, capacity 4267K, committed 4352K, reserved 1048576K
}
Event: 16.885 GC heap before
{Heap before GC invocations=14 (full 2):
 PSYoungGen      total 313344K, used 272896K [0x00000000d5f00000, 0x00000000f2b80000, 0x0000000100000000)
  eden space 272896K, 100% used [0x00000000d5f00000,0x00000000e6980000,0x00000000e6980000)
  from space 40448K, 0% used [0x00000000e6980000,0x00000000e6980000,0x00000000e9100000)
  to   space 44032K, 0% used [0x00000000f0080000,0x00000000f0080000,0x00000000f2b80000)
 ParOldGen       total 132608K, used 50535K [0x0000000081c00000, 0x0000000089d80000, 0x00000000d5f00000)
  object space 132608K, 38% used [0x0000000081c00000,0x0000000084d59f80,0x0000000089d80000)
 Metaspace       used 41276K, capacity 42458K, committed 42624K, reserved 1087488K
  class space    used 4895K, capacity 5143K, committed 5248K, reserved 1048576K
Event: 17.029 GC heap after
Heap after GC invocations=14 (full 2):
 PSYoungGen      total 404992K, used 12504K [0x00000000d5f00000, 0x00000000f1f00000, 0x0000000100000000)
  eden space 373760K, 0% used [0x00000000d5f00000,0x00000000d5f00000,0x00000000ecc00000)
  from space 31232K, 40% used [0x00000000f0080000,0x00000000f0cb61e0,0x00000000f1f00000)
  to   space 42496K, 0% used [0x00000000ecc00000,0x00000000ecc00000,0x00000000ef580000)
 ParOldGen       total 132608K, used 50535K [0x0000000081c00000, 0x0000000089d80000, 0x00000000d5f00000)
  object space 132608K, 38% used [0x0000000081c00000,0x0000000084d59f80,0x0000000089d80000)
 Metaspace       used 41276K, capacity 42458K, committed 42624K, reserved 1087488K
  class space    used 4895K, capacity 5143K, committed 5248K, reserved 1048576K
}

