# JRE version: Java(TM) SE Runtime Environment (8.0_162-b12) (build 1.8.0_162-b12)
# Java VM: Java HotSpot(TM) 64-Bit Server VM (25.162-b12 mixed mode windows-amd64 compressed oops)
Heap:
 PSYoungGen      total 149504K, used 103817K [0x00000000d5f00000, 0x00000000e3380000, 0x0000000100000000)
  eden space 132608K, 65% used [0x00000000d5f00000,0x00000000db3e3410,0x00000000de080000)
  from space 16896K, 99% used [0x00000000e2300000,0x00000000e337f1c8,0x00000000e3380000)
  to   space 11264K, 0% used [0x00000000de080000,0x00000000de080000,0x00000000deb80000)
 ParOldGen       total 73216K, used 31210K [0x0000000081c00000, 0x0000000086380000, 0x00000000d5f00000)
  object space 73216K, 42% used [0x0000000081c00000,0x0000000083a7aa00,0x0000000086380000)
 Metaspace       used 24089K, capacity 24632K, committed 24832K, reserved 1071104K
  class space    used 2802K, capacity 2967K, committed 3072K, reserved 1048576K
GC Heap History (10 events):
Event: 5.811 GC heap before
{Heap before GC invocations=5 (full 0):
 PSYoungGen      total 71680K, used 71656K [0x00000000d5f00000, 0x00000000daa00000, 0x0000000100000000)
  eden space 66560K, 100% used [0x00000000d5f00000,0x00000000da000000,0x00000000da000000)
  from space 5120K, 99% used [0x00000000da500000,0x00000000da9fa040,0x00000000daa00000)
  to   space 5120K, 0% used [0x00000000da000000,0x00000000da000000,0x00000000da500000)
 ParOldGen       total 87552K, used 7535K [0x0000000081c00000, 0x0000000087180000, 0x00000000d5f00000)
  object space 87552K, 8% used [0x0000000081c00000,0x000000008235bf28,0x0000000087180000)
 Metaspace       used 17707K, capacity 18106K, committed 18304K, reserved 1064960K
  class space    used 2062K, capacity 2157K, committed 2176K, reserved 1048576K
Event: 5.826 GC heap after
Heap after GC invocations=5 (full 0):
 PSYoungGen      total 71680K, used 5096K [0x00000000d5f00000, 0x00000000df600000, 0x0000000100000000)
  eden space 66560K, 0% used [0x00000000d5f00000,0x00000000d5f00000,0x00000000da000000)
  from space 5120K, 99% used [0x00000000da000000,0x00000000da4fa020,0x00000000da500000)
  to   space 10752K, 0% used [0x00000000deb80000,0x00000000deb80000,0x00000000df600000)
 ParOldGen       total 87552K, used 11722K [0x0000000081c00000, 0x0000000087180000, 0x00000000d5f00000)
  object space 87552K, 13% used [0x0000000081c00000,0x0000000082772a68,0x0000000087180000)
 Metaspace       used 17707K, capacity 18106K, committed 18304K, reserved 1064960K
  class space    used 2062K, capacity 2157K, committed 2176K, reserved 1048576K
}
Event: 8.554 GC heap before
{Heap before GC invocations=6 (full 0):
 PSYoungGen      total 71680K, used 50157K [0x00000000d5f00000, 0x00000000df600000, 0x0000000100000000)
  eden space 66560K, 67% used [0x00000000d5f00000,0x00000000d8b016a8,0x00000000da000000)
  from space 5120K, 99% used [0x00000000da000000,0x00000000da4fa020,0x00000000da500000)
  to   space 10752K, 0% used [0x00000000deb80000,0x00000000deb80000,0x00000000df600000)
 ParOldGen       total 87552K, used 11722K [0x0000000081c00000, 0x0000000087180000, 0x00000000d5f00000)
  object space 87552K, 13% used [0x0000000081c00000,0x0000000082772a68,0x0000000087180000)
 Metaspace       used 20688K, capacity 21168K, committed 21248K, reserved 1069056K
  class space    used 2424K, capacity 2560K, committed 2560K, reserved 1048576K
Event: 8.581 GC heap after
Heap after GC invocations=6 (full 0):
 PSYoungGen      total 143360K, used 9542K [0x00000000d5f00000, 0x00000000df700000, 0x0000000100000000)
  eden space 132608K, 0% used [0x00000000d5f00000,0x00000000d5f00000,0x00000000de080000)
  from space 10752K, 88% used [0x00000000deb80000,0x00000000df4d1be0,0x00000000df600000)
  to   space 11264K, 0% used [0x00000000de080000,0x00000000de080000,0x00000000deb80000)
 ParOldGen       total 87552K, used 11722K [0x0000000081c00000, 0x0000000087180000, 0x00000000d5f00000)
  object space 87552K, 13% used [0x0000000081c00000,0x0000000082772a68,0x0000000087180000)
 Metaspace       used 20688K, capacity 21168K, committed 21248K, reserved 1069056K
  class space    used 2424K, capacity 2560K, committed 2560K, reserved 1048576K
}
Event: 8.581 GC heap before
{Heap before GC invocations=7 (full 1):
 PSYoungGen      total 143360K, used 9542K [0x00000000d5f00000, 0x00000000df700000, 0x0000000100000000)
  eden space 132608K, 0% used [0x00000000d5f00000,0x00000000d5f00000,0x00000000de080000)
  from space 10752K, 88% used [0x00000000deb80000,0x00000000df4d1be0,0x00000000df600000)
  to   space 11264K, 0% used [0x00000000de080000,0x00000000de080000,0x00000000deb80000)
 ParOldGen       total 87552K, used 11722K [0x0000000081c00000, 0x0000000087180000, 0x00000000d5f00000)
  object space 87552K, 13% used [0x0000000081c00000,0x0000000082772a68,0x0000000087180000)
 Metaspace       used 20688K, capacity 21168K, committed 21248K, reserved 1069056K
  class space    used 2424K, capacity 2560K, committed 2560K, reserved 1048576K
Event: 8.707 GC heap after
Heap after GC invocations=7 (full 1):
 PSYoungGen      total 143360K, used 0K [0x00000000d5f00000, 0x00000000df700000, 0x0000000100000000)
  eden space 132608K, 0% used [0x00000000d5f00000,0x00000000d5f00000,0x00000000de080000)
  from space 10752K, 0% used [0x00000000deb80000,0x00000000deb80000,0x00000000df600000)
  to   space 11264K, 0% used [0x00000000de080000,0x00000000de080000,0x00000000deb80000)
 ParOldGen       total 73216K, used 14834K [0x0000000081c00000, 0x0000000086380000, 0x00000000d5f00000)
  object space 73216K, 20% used [0x0000000081c00000,0x0000000082a7c858,0x0000000086380000)
 Metaspace       used 20688K, capacity 21168K, committed 21248K, reserved 1069056K
  class space    used 2424K, capacity 2560K, committed 2560K, reserved 1048576K
}
Event: 13.850 GC heap before
{Heap before GC invocations=8 (full 1):
 PSYoungGen      total 143360K, used 132608K [0x00000000d5f00000, 0x00000000df700000, 0x0000000100000000)
  eden space 132608K, 100% used [0x00000000d5f00000,0x00000000de080000,0x00000000de080000)
  from space 10752K, 0% used [0x00000000deb80000,0x00000000deb80000,0x00000000df600000)
  to   space 11264K, 0% used [0x00000000de080000,0x00000000de080000,0x00000000deb80000)
 ParOldGen       total 73216K, used 14834K [0x0000000081c00000, 0x0000000086380000, 0x00000000d5f00000)
  object space 73216K, 20% used [0x0000000081c00000,0x0000000082a7c858,0x0000000086380000)
 Metaspace       used 24062K, capacity 24596K, committed 24704K, reserved 1071104K
  class space    used 2799K, capacity 2935K, committed 2944K, reserved 1048576K
Event: 13.882 GC heap after
Heap after GC invocations=8 (full 1):
 PSYoungGen      total 143872K, used 11255K [0x00000000d5f00000, 0x00000000e3380000, 0x0000000100000000)
  eden space 132608K, 0% used [0x00000000d5f00000,0x00000000d5f00000,0x00000000de080000)
  from space 11264K, 99% used [0x00000000de080000,0x00000000deb7dd68,0x00000000deb80000)
  to   space 16896K, 0% used [0x00000000e2300000,0x00000000e2300000,0x00000000e3380000)
 ParOldGen       total 73216K, used 23407K [0x0000000081c00000, 0x0000000086380000, 0x00000000d5f00000)
  object space 73216K, 31% used [0x0000000081c00000,0x00000000832dbc70,0x0000000086380000)
 Metaspace       used 24062K, capacity 24596K, committed 24704K, reserved 1071104K
  class space    used 2799K, capacity 2935K, committed 2944K, reserved 1048576K
}
Event: 15.402 GC heap before
{Heap before GC invocations=9 (full 1):
 PSYoungGen      total 143872K, used 143863K [0x00000000d5f00000, 0x00000000e3380000, 0x0000000100000000)
  eden space 132608K, 100% used [0x00000000d5f00000,0x00000000de080000,0x00000000de080000)
  from space 11264K, 99% used [0x00000000de080000,0x00000000deb7dd68,0x00000000deb80000)
  to   space 16896K, 0% used [0x00000000e2300000,0x00000000e2300000,0x00000000e3380000)
 ParOldGen       total 73216K, used 23407K [0x0000000081c00000, 0x0000000086380000, 0x00000000d5f00000)
  object space 73216K, 31% used [0x0000000081c00000,0x00000000832dbc70,0x0000000086380000)
 Metaspace       used 24087K, capacity 24632K, committed 24832K, reserved 1071104K
  class space    used 2802K, capacity 2967K, committed 3072K, reserved 1048576K
Event: 15.504 GC heap after
Heap after GC invocations=9 (full 1):
 PSYoungGen      total 149504K, used 16892K [0x00000000d5f00000, 0x00000000e3380000, 0x0000000100000000)
  eden space 132608K, 0% used [0x00000000d5f00000,0x00000000d5f00000,0x00000000de080000)
  from space 16896K, 99% used [0x00000000e2300000,0x00000000e337f1c8,0x00000000e3380000)
  to   space 11264K, 0% used [0x00000000de080000,0x00000000de080000,0x00000000deb80000)
 ParOldGen       total 73216K, used 31210K [0x0000000081c00000, 0x0000000086380000, 0x00000000d5f00000)
  object space 73216K, 42% used [0x0000000081c00000,0x0000000083a7aa00,0x0000000086380000)
 Metaspace       used 24087K, capacity 24632K, committed 24832K, reserved 1071104K
  class space    used 2802K, capacity 2967K, committed 3072K, reserved 1048576K
}

