# JRE version: Java(TM) SE Runtime Environment (8.0_162-b12) (build 1.8.0_162-b12)
# Java VM: Java HotSpot(TM) 64-Bit Server VM (25.162-b12 mixed mode windows-amd64 compressed oops)
Heap:
 PSYoungGen      total 211456K, used 175069K [0x00000000d5f00000, 0x00000000e9600000, 0x0000000100000000)
  eden space 188416K, 80% used [0x00000000d5f00000,0x00000000df37c100,0x00000000e1700000)
  from space 23040K, 99% used [0x00000000e1700000,0x00000000e2d7b430,0x00000000e2d80000)
  to   space 32256K, 0% used [0x00000000e7680000,0x00000000e7680000,0x00000000e9600000)
 ParOldGen       total 70656K, used 45526K [0x0000000081c00000, 0x0000000086100000, 0x00000000d5f00000)
  object space 70656K, 64% used [0x0000000081c00000,0x0000000084875ab0,0x0000000086100000)
 Metaspace       used 24185K, capacity 24758K, committed 25088K, reserved 1071104K
  class space    used 2811K, capacity 2967K, committed 3072K, reserved 1048576K
GC Heap History (10 events):
Event: 7.156 GC heap before
{Heap before GC invocations=6 (full 0):
 PSYoungGen      total 71680K, used 47214K [0x00000000d5f00000, 0x00000000df600000, 0x0000000100000000)
  eden space 66560K, 63% used [0x00000000d5f00000,0x00000000d8821968,0x00000000da000000)
  from space 5120K, 99% used [0x00000000da000000,0x00000000da4fa020,0x00000000da500000)
  to   space 10752K, 0% used [0x00000000deb80000,0x00000000deb80000,0x00000000df600000)
 ParOldGen       total 87552K, used 11802K [0x0000000081c00000, 0x0000000087180000, 0x00000000d5f00000)
  object space 87552K, 13% used [0x0000000081c00000,0x00000000827868d8,0x0000000087180000)
 Metaspace       used 20679K, capacity 21156K, committed 21248K, reserved 1069056K
  class space    used 2416K, capacity 2558K, committed 2560K, reserved 1048576K
Event: 7.188 GC heap after
Heap after GC invocations=6 (full 0):
 PSYoungGen      total 143360K, used 9338K [0x00000000d5f00000, 0x00000000df700000, 0x0000000100000000)
  eden space 132608K, 0% used [0x00000000d5f00000,0x00000000d5f00000,0x00000000de080000)
  from space 10752K, 86% used [0x00000000deb80000,0x00000000df49e8b0,0x00000000df600000)
  to   space 11264K, 0% used [0x00000000de080000,0x00000000de080000,0x00000000deb80000)
 ParOldGen       total 87552K, used 11802K [0x0000000081c00000, 0x0000000087180000, 0x00000000d5f00000)
  object space 87552K, 13% used [0x0000000081c00000,0x00000000827868d8,0x0000000087180000)
 Metaspace       used 20679K, capacity 21156K, committed 21248K, reserved 1069056K
  class space    used 2416K, capacity 2558K, committed 2560K, reserved 1048576K
}
Event: 7.188 GC heap before
{Heap before GC invocations=7 (full 1):
 PSYoungGen      total 143360K, used 9338K [0x00000000d5f00000, 0x00000000df700000, 0x0000000100000000)
  eden space 132608K, 0% used [0x00000000d5f00000,0x00000000d5f00000,0x00000000de080000)
  from space 10752K, 86% used [0x00000000deb80000,0x00000000df49e8b0,0x00000000df600000)
  to   space 11264K, 0% used [0x00000000de080000,0x00000000de080000,0x00000000deb80000)
 ParOldGen       total 87552K, used 11802K [0x0000000081c00000, 0x0000000087180000, 0x00000000d5f00000)
  object space 87552K, 13% used [0x0000000081c00000,0x00000000827868d8,0x0000000087180000)
 Metaspace       used 20679K, capacity 21156K, committed 21248K, reserved 1069056K
  class space    used 2416K, capacity 2558K, committed 2560K, reserved 1048576K
Event: 7.306 GC heap after
Heap after GC invocations=7 (full 1):
 PSYoungGen      total 143360K, used 0K [0x00000000d5f00000, 0x00000000df700000, 0x0000000100000000)
  eden space 132608K, 0% used [0x00000000d5f00000,0x00000000d5f00000,0x00000000de080000)
  from space 10752K, 0% used [0x00000000deb80000,0x00000000deb80000,0x00000000df600000)
  to   space 11264K, 0% used [0x00000000de080000,0x00000000de080000,0x00000000deb80000)
 ParOldGen       total 70656K, used 14590K [0x0000000081c00000, 0x0000000086100000, 0x00000000d5f00000)
  object space 70656K, 20% used [0x0000000081c00000,0x0000000082a3fb58,0x0000000086100000)
 Metaspace       used 20679K, capacity 21156K, committed 21248K, reserved 1069056K
  class space    used 2416K, capacity 2558K, committed 2560K, reserved 1048576K
}
Event: 9.637 GC heap before
{Heap before GC invocations=8 (full 1):
 PSYoungGen      total 143360K, used 132608K [0x00000000d5f00000, 0x00000000df700000, 0x0000000100000000)
  eden space 132608K, 100% used [0x00000000d5f00000,0x00000000de080000,0x00000000de080000)
  from space 10752K, 0% used [0x00000000deb80000,0x00000000deb80000,0x00000000df600000)
  to   space 11264K, 0% used [0x00000000de080000,0x00000000de080000,0x00000000deb80000)
 ParOldGen       total 70656K, used 14590K [0x0000000081c00000, 0x0000000086100000, 0x00000000d5f00000)
  object space 70656K, 20% used [0x0000000081c00000,0x0000000082a3fb58,0x0000000086100000)
 Metaspace       used 24140K, capacity 24694K, committed 24832K, reserved 1071104K
  class space    used 2804K, capacity 2967K, committed 3072K, reserved 1048576K
Event: 9.667 GC heap after
Heap after GC invocations=8 (full 1):
 PSYoungGen      total 143872K, used 11249K [0x00000000d5f00000, 0x00000000e3e00000, 0x0000000100000000)
  eden space 132608K, 0% used [0x00000000d5f00000,0x00000000d5f00000,0x00000000de080000)
  from space 11264K, 99% used [0x00000000de080000,0x00000000deb7c5d8,0x00000000deb80000)
  to   space 16896K, 0% used [0x00000000e2d80000,0x00000000e2d80000,0x00000000e3e00000)
 ParOldGen       total 70656K, used 23197K [0x0000000081c00000, 0x0000000086100000, 0x00000000d5f00000)
  object space 70656K, 32% used [0x0000000081c00000,0x00000000832a7670,0x0000000086100000)
 Metaspace       used 24140K, capacity 24694K, committed 24832K, reserved 1071104K
  class space    used 2804K, capacity 2967K, committed 3072K, reserved 1048576K
}
Event: 11.208 GC heap before
{Heap before GC invocations=9 (full 1):
 PSYoungGen      total 143872K, used 143857K [0x00000000d5f00000, 0x00000000e3e00000, 0x0000000100000000)
  eden space 132608K, 100% used [0x00000000d5f00000,0x00000000de080000,0x00000000de080000)
  from space 11264K, 99% used [0x00000000de080000,0x00000000deb7c5d8,0x00000000deb80000)
  to   space 16896K, 0% used [0x00000000e2d80000,0x00000000e2d80000,0x00000000e3e00000)
 ParOldGen       total 70656K, used 23197K [0x0000000081c00000, 0x0000000086100000, 0x00000000d5f00000)
  object space 70656K, 32% used [0x0000000081c00000,0x00000000832a7670,0x0000000086100000)
 Metaspace       used 24153K, capacity 24694K, committed 24832K, reserved 1071104K
  class space    used 2805K, capacity 2967K, committed 3072K, reserved 1048576K
Event: 11.235 GC heap after
Heap after GC invocations=9 (full 1):
 PSYoungGen      total 205312K, used 16894K [0x00000000d5f00000, 0x00000000e4c00000, 0x0000000100000000)
  eden space 188416K, 0% used [0x00000000d5f00000,0x00000000d5f00000,0x00000000e1700000)
  from space 16896K, 99% used [0x00000000e2d80000,0x00000000e3dff9a8,0x00000000e3e00000)
  to   space 23040K, 0% used [0x00000000e1700000,0x00000000e1700000,0x00000000e2d80000)
 ParOldGen       total 70656K, used 31506K [0x0000000081c00000, 0x0000000086100000, 0x00000000d5f00000)
  object space 70656K, 44% used [0x0000000081c00000,0x0000000083ac4a58,0x0000000086100000)
 Metaspace       used 24153K, capacity 24694K, committed 24832K, reserved 1071104K
  class space    used 2805K, capacity 2967K, committed 3072K, reserved 1048576K
}
Event: 12.920 GC heap before
{Heap before GC invocations=10 (full 1):
 PSYoungGen      total 205312K, used 205310K [0x00000000d5f00000, 0x00000000e4c00000, 0x0000000100000000)
  eden space 188416K, 100% used [0x00000000d5f00000,0x00000000e1700000,0x00000000e1700000)
  from space 16896K, 99% used [0x00000000e2d80000,0x00000000e3dff9a8,0x00000000e3e00000)
  to   space 23040K, 0% used [0x00000000e1700000,0x00000000e1700000,0x00000000e2d80000)
 ParOldGen       total 70656K, used 31506K [0x0000000081c00000, 0x0000000086100000, 0x00000000d5f00000)
  object space 70656K, 44% used [0x0000000081c00000,0x0000000083ac4a58,0x0000000086100000)
 Metaspace       used 24159K, capacity 24694K, committed 24832K, reserved 1071104K
  class space    used 2806K, capacity 2967K, committed 3072K, reserved 1048576K
Event: 12.998 GC heap after
Heap after GC invocations=10 (full 1):
 PSYoungGen      total 211456K, used 23021K [0x00000000d5f00000, 0x00000000e9600000, 0x0000000100000000)
  eden space 188416K, 0% used [0x00000000d5f00000,0x00000000d5f00000,0x00000000e1700000)
  from space 23040K, 99% used [0x00000000e1700000,0x00000000e2d7b430,0x00000000e2d80000)
  to   space 32256K, 0% used [0x00000000e7680000,0x00000000e7680000,0x00000000e9600000)
 ParOldGen       total 70656K, used 45526K [0x0000000081c00000, 0x0000000086100000, 0x00000000d5f00000)
  object space 70656K, 64% used [0x0000000081c00000,0x0000000084875ab0,0x0000000086100000)
 Metaspace       used 24159K, capacity 24694K, committed 24832K, reserved 1071104K
  class space    used 2806K, capacity 2967K, committed 3072K, reserved 1048576K
}

