# JRE version: Java(TM) SE Runtime Environment (8.0_162-b12) (build 1.8.0_162-b12)
# Java VM: Java HotSpot(TM) 64-Bit Server VM (25.162-b12 mixed mode windows-amd64 compressed oops)
Heap:
 PSYoungGen      total 143872K, used 50366K [0x00000000d5f00000, 0x00000000df700000, 0x0000000100000000)
  eden space 132608K, 29% used [0x00000000d5f00000,0x00000000d8530700,0x00000000de080000)
  from space 11264K, 99% used [0x00000000de080000,0x00000000deb7f120,0x00000000deb80000)
  to   space 10752K, 0% used [0x00000000deb80000,0x00000000deb80000,0x00000000df600000)
 ParOldGen       total 77312K, used 23727K [0x0000000081c00000, 0x0000000086780000, 0x00000000d5f00000)
  object space 77312K, 30% used [0x0000000081c00000,0x000000008332bee0,0x0000000086780000)
 Metaspace       used 24024K, capacity 24568K, committed 24880K, reserved 1071104K
  class space    used 2804K, capacity 2997K, committed 3120K, reserved 1048576K
GC Heap History (10 events):
Event: 5.597 GC heap before
{Heap before GC invocations=4 (full 0):
 PSYoungGen      total 38400K, used 38392K [0x00000000d5f00000, 0x00000000daa00000, 0x0000000100000000)
  eden space 33280K, 100% used [0x00000000d5f00000,0x00000000d7f80000,0x00000000d7f80000)
  from space 5120K, 99% used [0x00000000d7f80000,0x00000000d847e030,0x00000000d8480000)
  to   space 5120K, 0% used [0x00000000da500000,0x00000000da500000,0x00000000daa00000)
 ParOldGen       total 87552K, used 4303K [0x0000000081c00000, 0x0000000087180000, 0x00000000d5f00000)
  object space 87552K, 4% used [0x0000000081c00000,0x0000000082033c78,0x0000000087180000)
 Metaspace       used 16020K, capacity 16342K, committed 16640K, reserved 1064960K
  class space    used 1939K, capacity 2043K, committed 2048K, reserved 1048576K
Event: 5.654 GC heap after
Heap after GC invocations=4 (full 0):
 PSYoungGen      total 71680K, used 5096K [0x00000000d5f00000, 0x00000000daa00000, 0x0000000100000000)
  eden space 66560K, 0% used [0x00000000d5f00000,0x00000000d5f00000,0x00000000da000000)
  from space 5120K, 99% used [0x00000000da500000,0x00000000da9fa040,0x00000000daa00000)
  to   space 5120K, 0% used [0x00000000da000000,0x00000000da000000,0x00000000da500000)
 ParOldGen       total 87552K, used 7274K [0x0000000081c00000, 0x0000000087180000, 0x00000000d5f00000)
  object space 87552K, 8% used [0x0000000081c00000,0x000000008231aa30,0x0000000087180000)
 Metaspace       used 16020K, capacity 16342K, committed 16640K, reserved 1064960K
  class space    used 1939K, capacity 2043K, committed 2048K, reserved 1048576K
}
Event: 7.664 GC heap before
{Heap before GC invocations=5 (full 0):
 PSYoungGen      total 71680K, used 71656K [0x00000000d5f00000, 0x00000000daa00000, 0x0000000100000000)
  eden space 66560K, 100% used [0x00000000d5f00000,0x00000000da000000,0x00000000da000000)
  from space 5120K, 99% used [0x00000000da500000,0x00000000da9fa040,0x00000000daa00000)
  to   space 5120K, 0% used [0x00000000da000000,0x00000000da000000,0x00000000da500000)
 ParOldGen       total 87552K, used 7274K [0x0000000081c00000, 0x0000000087180000, 0x00000000d5f00000)
  object space 87552K, 8% used [0x0000000081c00000,0x000000008231aa30,0x0000000087180000)
 Metaspace       used 17651K, capacity 18058K, committed 18432K, reserved 1064960K
  class space    used 2066K, capacity 2189K, committed 2304K, reserved 1048576K
Event: 7.689 GC heap after
Heap after GC invocations=5 (full 0):
 PSYoungGen      total 71680K, used 5112K [0x00000000d5f00000, 0x00000000df600000, 0x0000000100000000)
  eden space 66560K, 0% used [0x00000000d5f00000,0x00000000d5f00000,0x00000000da000000)
  from space 5120K, 99% used [0x00000000da000000,0x00000000da4fe050,0x00000000da500000)
  to   space 10752K, 0% used [0x00000000deb80000,0x00000000deb80000,0x00000000df600000)
 ParOldGen       total 87552K, used 11540K [0x0000000081c00000, 0x0000000087180000, 0x00000000d5f00000)
  object space 87552K, 13% used [0x0000000081c00000,0x00000000827452c0,0x0000000087180000)
 Metaspace       used 17651K, capacity 18058K, committed 18432K, reserved 1064960K
  class space    used 2066K, capacity 2189K, committed 2304K, reserved 1048576K
}
Event: 9.546 GC heap before
{Heap before GC invocations=6 (full 0):
 PSYoungGen      total 71680K, used 47650K [0x00000000d5f00000, 0x00000000df600000, 0x0000000100000000)
  eden space 66560K, 63% used [0x00000000d5f00000,0x00000000d888a9a0,0x00000000da000000)
  from space 5120K, 99% used [0x00000000da000000,0x00000000da4fe050,0x00000000da500000)
  to   space 10752K, 0% used [0x00000000deb80000,0x00000000deb80000,0x00000000df600000)
 ParOldGen       total 87552K, used 11540K [0x0000000081c00000, 0x0000000087180000, 0x00000000d5f00000)
  object space 87552K, 13% used [0x0000000081c00000,0x00000000827452c0,0x0000000087180000)
 Metaspace       used 20710K, capacity 21172K, committed 21296K, reserved 1069056K
  class space    used 2431K, capacity 2590K, committed 2608K, reserved 1048576K
Event: 9.569 GC heap after
Heap after GC invocations=6 (full 0):
 PSYoungGen      total 143360K, used 9449K [0x00000000d5f00000, 0x00000000df700000, 0x0000000100000000)
  eden space 132608K, 0% used [0x00000000d5f00000,0x00000000d5f00000,0x00000000de080000)
  from space 10752K, 87% used [0x00000000deb80000,0x00000000df4ba728,0x00000000df600000)
  to   space 11264K, 0% used [0x00000000de080000,0x00000000de080000,0x00000000deb80000)
 ParOldGen       total 87552K, used 11548K [0x0000000081c00000, 0x0000000087180000, 0x00000000d5f00000)
  object space 87552K, 13% used [0x0000000081c00000,0x00000000827472c0,0x0000000087180000)
 Metaspace       used 20710K, capacity 21172K, committed 21296K, reserved 1069056K
  class space    used 2431K, capacity 2590K, committed 2608K, reserved 1048576K
}
Event: 9.569 GC heap before
{Heap before GC invocations=7 (full 1):
 PSYoungGen      total 143360K, used 9449K [0x00000000d5f00000, 0x00000000df700000, 0x0000000100000000)
  eden space 132608K, 0% used [0x00000000d5f00000,0x00000000d5f00000,0x00000000de080000)
  from space 10752K, 87% used [0x00000000deb80000,0x00000000df4ba728,0x00000000df600000)
  to   space 11264K, 0% used [0x00000000de080000,0x00000000de080000,0x00000000deb80000)
 ParOldGen       total 87552K, used 11548K [0x0000000081c00000, 0x0000000087180000, 0x00000000d5f00000)
  object space 87552K, 13% used [0x0000000081c00000,0x00000000827472c0,0x0000000087180000)
 Metaspace       used 20710K, capacity 21172K, committed 21296K, reserved 1069056K
  class space    used 2431K, capacity 2590K, committed 2608K, reserved 1048576K
Event: 9.940 GC heap after
Heap after GC invocations=7 (full 1):
 PSYoungGen      total 143360K, used 0K [0x00000000d5f00000, 0x00000000df700000, 0x0000000100000000)
  eden space 132608K, 0% used [0x00000000d5f00000,0x00000000d5f00000,0x00000000de080000)
  from space 10752K, 0% used [0x00000000deb80000,0x00000000deb80000,0x00000000df600000)
  to   space 11264K, 0% used [0x00000000de080000,0x00000000de080000,0x00000000deb80000)
 ParOldGen       total 77312K, used 14549K [0x0000000081c00000, 0x0000000086780000, 0x00000000d5f00000)
  object space 77312K, 18% used [0x0000000081c00000,0x0000000082a355f0,0x0000000086780000)
 Metaspace       used 20710K, capacity 21172K, committed 21296K, reserved 1069056K
  class space    used 2431K, capacity 2590K, committed 2608K, reserved 1048576K
}
Event: 13.175 GC heap before
{Heap before GC invocations=8 (full 1):
 PSYoungGen      total 143360K, used 132608K [0x00000000d5f00000, 0x00000000df700000, 0x0000000100000000)
  eden space 132608K, 100% used [0x00000000d5f00000,0x00000000de080000,0x00000000de080000)
  from space 10752K, 0% used [0x00000000deb80000,0x00000000deb80000,0x00000000df600000)
  to   space 11264K, 0% used [0x00000000de080000,0x00000000de080000,0x00000000deb80000)
 ParOldGen       total 77312K, used 14549K [0x0000000081c00000, 0x0000000086780000, 0x00000000d5f00000)
  object space 77312K, 18% used [0x0000000081c00000,0x0000000082a355f0,0x0000000086780000)
 Metaspace       used 24022K, capacity 24568K, committed 24880K, reserved 1071104K
  class space    used 2804K, capacity 2997K, committed 3120K, reserved 1048576K
Event: 13.252 GC heap after
Heap after GC invocations=8 (full 1):
 PSYoungGen      total 143872K, used 11260K [0x00000000d5f00000, 0x00000000df700000, 0x0000000100000000)
  eden space 132608K, 0% used [0x00000000d5f00000,0x00000000d5f00000,0x00000000de080000)
  from space 11264K, 99% used [0x00000000de080000,0x00000000deb7f120,0x00000000deb80000)
  to   space 10752K, 0% used [0x00000000deb80000,0x00000000deb80000,0x00000000df600000)
 ParOldGen       total 77312K, used 23727K [0x0000000081c00000, 0x0000000086780000, 0x00000000d5f00000)
  object space 77312K, 30% used [0x0000000081c00000,0x000000008332bee0,0x0000000086780000)
 Metaspace       used 24022K, capacity 24568K, committed 24880K, reserved 1071104K
  class space    used 2804K, capacity 2997K, committed 3120K, reserved 1048576K
}

